<?xml version="1.0" encoding="UTF-8"?>
<testsuite xmlns:xsi="http://www.w3.org/2001/XMLSchema-instance" xsi:noNamespaceSchemaLocation="https://maven.apache.org/surefire/maven-surefire-plugin/xsd/surefire-test-report.xsd" name="com.site.blog.my.core.MyBlogApplicationTests" time="5.13" tests="1" errors="0" skipped="0" failures="0">
  <properties>
    <property name="sun.desktop" value="windows"/>
    <property name="awt.toolkit" value="sun.awt.windows.WToolkit"/>
    <property name="java.specification.version" value="12"/>
    <property name="sun.cpu.isalist" value="amd64"/>
    <property name="sun.jnu.encoding" value="GBK"/>
    <property name="java.class.path" value="E:\资源\My-Blog-master（个人博客）\My-Blog-master\target\test-classes;E:\资源\My-Blog-master（个人博客）\My-Blog-master\target\classes;E:\Program Files\Java\maven\LocalWarehouse\org\springframework\boot\spring-boot-starter-thymeleaf\2.1.0.RELEASE\spring-boot-starter-thymeleaf-2.1.0.RELEASE.jar;E:\Program Files\Java\maven\LocalWarehouse\org\springframework\boot\spring-boot-starter\2.1.0.RELEASE\spring-boot-starter-2.1.0.RELEASE.jar;E:\Program Files\Java\maven\LocalWarehouse\org\springframework\boot\spring-boot\2.1.0.RELEASE\spring-boot-2.1.0.RELEASE.jar;E:\Program Files\Java\maven\LocalWarehouse\org\springframework\boot\spring-boot-autoconfigure\2.1.0.RELEASE\spring-boot-autoconfigure-2.1.0.RELEASE.jar;E:\Program Files\Java\maven\LocalWarehouse\org\springframework\boot\spring-boot-starter-logging\2.1.0.RELEASE\spring-boot-starter-logging-2.1.0.RELEASE.jar;E:\Program Files\Java\maven\LocalWarehouse\ch\qos\logback\logback-classic\1.2.3\logback-classic-1.2.3.jar;E:\Program Files\Java\maven\LocalWarehouse\ch\qos\logback\logback-core\1.2.3\logback-core-1.2.3.jar;E:\Program Files\Java\maven\LocalWarehouse\org\apache\logging\log4j\log4j-to-slf4j\2.11.1\log4j-to-slf4j-2.11.1.jar;E:\Program Files\Java\maven\LocalWarehouse\org\apache\logging\log4j\log4j-api\2.11.1\log4j-api-2.11.1.jar;E:\Program Files\Java\maven\LocalWarehouse\org\slf4j\jul-to-slf4j\1.7.25\jul-to-slf4j-1.7.25.jar;E:\Program Files\Java\maven\LocalWarehouse\javax\annotation\javax.annotation-api\1.3.2\javax.annotation-api-1.3.2.jar;E:\Program Files\Java\maven\LocalWarehouse\org\yaml\snakeyaml\1.23\snakeyaml-1.23.jar;E:\Program Files\Java\maven\LocalWarehouse\org\thymeleaf\thymeleaf-spring5\3.0.11.RELEASE\thymeleaf-spring5-3.0.11.RELEASE.jar;E:\Program Files\Java\maven\LocalWarehouse\org\thymeleaf\thymeleaf\3.0.11.RELEASE\thymeleaf-3.0.11.RELEASE.jar;E:\Program Files\Java\maven\LocalWarehouse\org\attoparser\attoparser\2.0.5.RELEASE\attoparser-2.0.5.RELEASE.jar;E:\Program Files\Java\maven\LocalWarehouse\org\unbescape\unbescape\1.1.6.RELEASE\unbescape-1.1.6.RELEASE.jar;E:\Program Files\Java\maven\LocalWarehouse\org\slf4j\slf4j-api\1.7.25\slf4j-api-1.7.25.jar;E:\Program Files\Java\maven\LocalWarehouse\org\thymeleaf\extras\thymeleaf-extras-java8time\3.0.1.RELEASE\thymeleaf-extras-java8time-3.0.1.RELEASE.jar;E:\Program Files\Java\maven\LocalWarehouse\org\springframework\boot\spring-boot-starter-web\2.1.0.RELEASE\spring-boot-starter-web-2.1.0.RELEASE.jar;E:\Program Files\Java\maven\LocalWarehouse\org\springframework\boot\spring-boot-starter-json\2.1.0.RELEASE\spring-boot-starter-json-2.1.0.RELEASE.jar;E:\Program Files\Java\maven\LocalWarehouse\com\fasterxml\jackson\core\jackson-databind\2.9.7\jackson-databind-2.9.7.jar;E:\Program Files\Java\maven\LocalWarehouse\com\fasterxml\jackson\core\jackson-annotations\2.9.0\jackson-annotations-2.9.0.jar;E:\Program Files\Java\maven\LocalWarehouse\com\fasterxml\jackson\core\jackson-core\2.9.7\jackson-core-2.9.7.jar;E:\Program Files\Java\maven\LocalWarehouse\com\fasterxml\jackson\datatype\jackson-datatype-jdk8\2.9.7\jackson-datatype-jdk8-2.9.7.jar;E:\Program Files\Java\maven\LocalWarehouse\com\fasterxml\jackson\datatype\jackson-datatype-jsr310\2.9.7\jackson-datatype-jsr310-2.9.7.jar;E:\Program Files\Java\maven\LocalWarehouse\com\fasterxml\jackson\module\jackson-module-parameter-names\2.9.7\jackson-module-parameter-names-2.9.7.jar;E:\Program Files\Java\maven\LocalWarehouse\org\springframework\boot\spring-boot-starter-tomcat\2.1.0.RELEASE\spring-boot-starter-tomcat-2.1.0.RELEASE.jar;E:\Program Files\Java\maven\LocalWarehouse\org\apache\tomcat\embed\tomcat-embed-core\9.0.12\tomcat-embed-core-9.0.12.jar;E:\Program Files\Java\maven\LocalWarehouse\org\apache\tomcat\embed\tomcat-embed-el\9.0.12\tomcat-embed-el-9.0.12.jar;E:\Program Files\Java\maven\LocalWarehouse\org\apache\tomcat\embed\tomcat-embed-websocket\9.0.12\tomcat-embed-websocket-9.0.12.jar;E:\Program Files\Java\maven\LocalWarehouse\org\hibernate\validator\hibernate-validator\6.0.13.Final\hibernate-validator-6.0.13.Final.jar;E:\Program Files\Java\maven\LocalWarehouse\javax\validation\validation-api\2.0.1.Final\validation-api-2.0.1.Final.jar;E:\Program Files\Java\maven\LocalWarehouse\org\jboss\logging\jboss-logging\3.3.2.Final\jboss-logging-3.3.2.Final.jar;E:\Program Files\Java\maven\LocalWarehouse\com\fasterxml\classmate\1.4.0\classmate-1.4.0.jar;E:\Program Files\Java\maven\LocalWarehouse\org\springframework\spring-web\5.1.2.RELEASE\spring-web-5.1.2.RELEASE.jar;E:\Program Files\Java\maven\LocalWarehouse\org\springframework\spring-beans\5.1.2.RELEASE\spring-beans-5.1.2.RELEASE.jar;E:\Program Files\Java\maven\LocalWarehouse\org\springframework\spring-webmvc\5.1.2.RELEASE\spring-webmvc-5.1.2.RELEASE.jar;E:\Program Files\Java\maven\LocalWarehouse\org\springframework\spring-aop\5.1.2.RELEASE\spring-aop-5.1.2.RELEASE.jar;E:\Program Files\Java\maven\LocalWarehouse\org\springframework\spring-context\5.1.2.RELEASE\spring-context-5.1.2.RELEASE.jar;E:\Program Files\Java\maven\LocalWarehouse\org\springframework\spring-expression\5.1.2.RELEASE\spring-expression-5.1.2.RELEASE.jar;E:\Program Files\Java\maven\LocalWarehouse\org\springframework\session\spring-session-core\2.1.1.RELEASE\spring-session-core-2.1.1.RELEASE.jar;E:\Program Files\Java\maven\LocalWarehouse\org\springframework\spring-jcl\5.1.2.RELEASE\spring-jcl-5.1.2.RELEASE.jar;E:\Program Files\Java\maven\LocalWarehouse\org\mybatis\spring\boot\mybatis-spring-boot-starter\1.3.2\mybatis-spring-boot-starter-1.3.2.jar;E:\Program Files\Java\maven\LocalWarehouse\org\springframework\boot\spring-boot-starter-jdbc\2.1.0.RELEASE\spring-boot-starter-jdbc-2.1.0.RELEASE.jar;E:\Program Files\Java\maven\LocalWarehouse\com\zaxxer\HikariCP\3.2.0\HikariCP-3.2.0.jar;E:\Program Files\Java\maven\LocalWarehouse\org\springframework\spring-jdbc\5.1.2.RELEASE\spring-jdbc-5.1.2.RELEASE.jar;E:\Program Files\Java\maven\LocalWarehouse\org\springframework\spring-tx\5.1.2.RELEASE\spring-tx-5.1.2.RELEASE.jar;E:\Program Files\Java\maven\LocalWarehouse\org\mybatis\spring\boot\mybatis-spring-boot-autoconfigure\1.3.2\mybatis-spring-boot-autoconfigure-1.3.2.jar;E:\Program Files\Java\maven\LocalWarehouse\org\mybatis\mybatis\3.4.6\mybatis-3.4.6.jar;E:\Program Files\Java\maven\LocalWarehouse\org\mybatis\mybatis-spring\1.3.2\mybatis-spring-1.3.2.jar;E:\Program Files\Java\maven\LocalWarehouse\com\github\penggle\kaptcha\2.3.2\kaptcha-2.3.2.jar;E:\Program Files\Java\maven\LocalWarehouse\javax\servlet\javax.servlet-api\4.0.1\javax.servlet-api-4.0.1.jar;E:\Program Files\Java\maven\LocalWarehouse\com\jhlabs\filters\2.0.235-1\filters-2.0.235-1.jar;E:\Program Files\Java\maven\LocalWarehouse\com\atlassian\commonmark\commonmark\0.8.0\commonmark-0.8.0.jar;E:\Program Files\Java\maven\LocalWarehouse\com\atlassian\commonmark\commonmark-ext-gfm-tables\0.8.0\commonmark-ext-gfm-tables-0.8.0.jar;E:\Program Files\Java\maven\LocalWarehouse\mysql\mysql-connector-java\8.0.13\mysql-connector-java-8.0.13.jar;E:\Program Files\Java\maven\LocalWarehouse\org\springframework\boot\spring-boot-starter-test\2.1.0.RELEASE\spring-boot-starter-test-2.1.0.RELEASE.jar;E:\Program Files\Java\maven\LocalWarehouse\org\springframework\boot\spring-boot-test\2.1.0.RELEASE\spring-boot-test-2.1.0.RELEASE.jar;E:\Program Files\Java\maven\LocalWarehouse\org\springframework\boot\spring-boot-test-autoconfigure\2.1.0.RELEASE\spring-boot-test-autoconfigure-2.1.0.RELEASE.jar;E:\Program Files\Java\maven\LocalWarehouse\com\jayway\jsonpath\json-path\2.4.0\json-path-2.4.0.jar;E:\Program Files\Java\maven\LocalWarehouse\net\minidev\json-smart\2.3\json-smart-2.3.jar;E:\Program Files\Java\maven\LocalWarehouse\net\minidev\accessors-smart\1.2\accessors-smart-1.2.jar;E:\Program Files\Java\maven\LocalWarehouse\org\ow2\asm\asm\5.0.4\asm-5.0.4.jar;E:\Program Files\Java\maven\LocalWarehouse\junit\junit\4.12\junit-4.12.jar;E:\Program Files\Java\maven\LocalWarehouse\org\assertj\assertj-core\3.11.1\assertj-core-3.11.1.jar;E:\Program Files\Java\maven\LocalWarehouse\org\mockito\mockito-core\2.23.0\mockito-core-2.23.0.jar;E:\Program Files\Java\maven\LocalWarehouse\net\bytebuddy\byte-buddy\1.9.3\byte-buddy-1.9.3.jar;E:\Program Files\Java\maven\LocalWarehouse\net\bytebuddy\byte-buddy-agent\1.9.3\byte-buddy-agent-1.9.3.jar;E:\Program Files\Java\maven\LocalWarehouse\org\objenesis\objenesis\2.6\objenesis-2.6.jar;E:\Program Files\Java\maven\LocalWarehouse\org\hamcrest\hamcrest-core\1.3\hamcrest-core-1.3.jar;E:\Program Files\Java\maven\LocalWarehouse\org\hamcrest\hamcrest-library\1.3\hamcrest-library-1.3.jar;E:\Program Files\Java\maven\LocalWarehouse\org\skyscreamer\jsonassert\1.5.0\jsonassert-1.5.0.jar;E:\Program Files\Java\maven\LocalWarehouse\com\vaadin\external\google\android-json\0.0.20131108.vaadin1\android-json-0.0.20131108.vaadin1.jar;E:\Program Files\Java\maven\LocalWarehouse\org\springframework\spring-core\5.1.2.RELEASE\spring-core-5.1.2.RELEASE.jar;E:\Program Files\Java\maven\LocalWarehouse\org\springframework\spring-test\5.1.2.RELEASE\spring-test-5.1.2.RELEASE.jar;E:\Program Files\Java\maven\LocalWarehouse\org\xmlunit\xmlunit-core\2.6.2\xmlunit-core-2.6.2.jar;E:\Program Files\Java\maven\LocalWarehouse\javax\xml\bind\jaxb-api\2.3.1\jaxb-api-2.3.1.jar;E:\Program Files\Java\maven\LocalWarehouse\javax\activation\javax.activation-api\1.2.0\javax.activation-api-1.2.0.jar;"/>
    <property name="java.vm.vendor" value="Oracle Corporation"/>
    <property name="sun.arch.data.model" value="64"/>
    <property name="user.variant" value=""/>
    <property name="java.vendor.url" value="https://java.oracle.com/"/>
    <property name="user.timezone" value="GMT+08:00"/>
    <property name="os.name" value="Windows 10"/>
    <property name="java.vm.specification.version" value="12"/>
    <property name="sun.java.launcher" value="SUN_STANDARD"/>
    <property name="user.country" value="CN"/>
    <property name="sun.boot.library.path" value="E:\Program Files\Java\jdk-12.0.1\bin"/>
    <property name="sun.java.command" value="C:\Users\guanh\AppData\Local\Temp\surefire13951256584654921543\surefirebooter17133538694675279880.jar C:\Users\guanh\AppData\Local\Temp\surefire13951256584654921543 2020-01-17T17-05-00_838-jvmRun1 surefire8473025230773831104tmp surefire_014188284522195366346tmp"/>
    <property name="jdk.debug" value="release"/>
    <property name="surefire.test.class.path" value="E:\资源\My-Blog-master（个人博客）\My-Blog-master\target\test-classes;E:\资源\My-Blog-master（个人博客）\My-Blog-master\target\classes;E:\Program Files\Java\maven\LocalWarehouse\org\springframework\boot\spring-boot-starter-thymeleaf\2.1.0.RELEASE\spring-boot-starter-thymeleaf-2.1.0.RELEASE.jar;E:\Program Files\Java\maven\LocalWarehouse\org\springframework\boot\spring-boot-starter\2.1.0.RELEASE\spring-boot-starter-2.1.0.RELEASE.jar;E:\Program Files\Java\maven\LocalWarehouse\org\springframework\boot\spring-boot\2.1.0.RELEASE\spring-boot-2.1.0.RELEASE.jar;E:\Program Files\Java\maven\LocalWarehouse\org\springframework\boot\spring-boot-autoconfigure\2.1.0.RELEASE\spring-boot-autoconfigure-2.1.0.RELEASE.jar;E:\Program Files\Java\maven\LocalWarehouse\org\springframework\boot\spring-boot-starter-logging\2.1.0.RELEASE\spring-boot-starter-logging-2.1.0.RELEASE.jar;E:\Program Files\Java\maven\LocalWarehouse\ch\qos\logback\logback-classic\1.2.3\logback-classic-1.2.3.jar;E:\Program Files\Java\maven\LocalWarehouse\ch\qos\logback\logback-core\1.2.3\logback-core-1.2.3.jar;E:\Program Files\Java\maven\LocalWarehouse\org\apache\logging\log4j\log4j-to-slf4j\2.11.1\log4j-to-slf4j-2.11.1.jar;E:\Program Files\Java\maven\LocalWarehouse\org\apache\logging\log4j\log4j-api\2.11.1\log4j-api-2.11.1.jar;E:\Program Files\Java\maven\LocalWarehouse\org\slf4j\jul-to-slf4j\1.7.25\jul-to-slf4j-1.7.25.jar;E:\Program Files\Java\maven\LocalWarehouse\javax\annotation\javax.annotation-api\1.3.2\javax.annotation-api-1.3.2.jar;E:\Program Files\Java\maven\LocalWarehouse\org\yaml\snakeyaml\1.23\snakeyaml-1.23.jar;E:\Program Files\Java\maven\LocalWarehouse\org\thymeleaf\thymeleaf-spring5\3.0.11.RELEASE\thymeleaf-spring5-3.0.11.RELEASE.jar;E:\Program Files\Java\maven\LocalWarehouse\org\thymeleaf\thymeleaf\3.0.11.RELEASE\thymeleaf-3.0.11.RELEASE.jar;E:\Program Files\Java\maven\LocalWarehouse\org\attoparser\attoparser\2.0.5.RELEASE\attoparser-2.0.5.RELEASE.jar;E:\Program Files\Java\maven\LocalWarehouse\org\unbescape\unbescape\1.1.6.RELEASE\unbescape-1.1.6.RELEASE.jar;E:\Program Files\Java\maven\LocalWarehouse\org\slf4j\slf4j-api\1.7.25\slf4j-api-1.7.25.jar;E:\Program Files\Java\maven\LocalWarehouse\org\thymeleaf\extras\thymeleaf-extras-java8time\3.0.1.RELEASE\thymeleaf-extras-java8time-3.0.1.RELEASE.jar;E:\Program Files\Java\maven\LocalWarehouse\org\springframework\boot\spring-boot-starter-web\2.1.0.RELEASE\spring-boot-starter-web-2.1.0.RELEASE.jar;E:\Program Files\Java\maven\LocalWarehouse\org\springframework\boot\spring-boot-starter-json\2.1.0.RELEASE\spring-boot-starter-json-2.1.0.RELEASE.jar;E:\Program Files\Java\maven\LocalWarehouse\com\fasterxml\jackson\core\jackson-databind\2.9.7\jackson-databind-2.9.7.jar;E:\Program Files\Java\maven\LocalWarehouse\com\fasterxml\jackson\core\jackson-annotations\2.9.0\jackson-annotations-2.9.0.jar;E:\Program Files\Java\maven\LocalWarehouse\com\fasterxml\jackson\core\jackson-core\2.9.7\jackson-core-2.9.7.jar;E:\Program Files\Java\maven\LocalWarehouse\com\fasterxml\jackson\datatype\jackson-datatype-jdk8\2.9.7\jackson-datatype-jdk8-2.9.7.jar;E:\Program Files\Java\maven\LocalWarehouse\com\fasterxml\jackson\datatype\jackson-datatype-jsr310\2.9.7\jackson-datatype-jsr310-2.9.7.jar;E:\Program Files\Java\maven\LocalWarehouse\com\fasterxml\jackson\module\jackson-module-parameter-names\2.9.7\jackson-module-parameter-names-2.9.7.jar;E:\Program Files\Java\maven\LocalWarehouse\org\springframework\boot\spring-boot-starter-tomcat\2.1.0.RELEASE\spring-boot-starter-tomcat-2.1.0.RELEASE.jar;E:\Program Files\Java\maven\LocalWarehouse\org\apache\tomcat\embed\tomcat-embed-core\9.0.12\tomcat-embed-core-9.0.12.jar;E:\Program Files\Java\maven\LocalWarehouse\org\apache\tomcat\embed\tomcat-embed-el\9.0.12\tomcat-embed-el-9.0.12.jar;E:\Program Files\Java\maven\LocalWarehouse\org\apache\tomcat\embed\tomcat-embed-websocket\9.0.12\tomcat-embed-websocket-9.0.12.jar;E:\Program Files\Java\maven\LocalWarehouse\org\hibernate\validator\hibernate-validator\6.0.13.Final\hibernate-validator-6.0.13.Final.jar;E:\Program Files\Java\maven\LocalWarehouse\javax\validation\validation-api\2.0.1.Final\validation-api-2.0.1.Final.jar;E:\Program Files\Java\maven\LocalWarehouse\org\jboss\logging\jboss-logging\3.3.2.Final\jboss-logging-3.3.2.Final.jar;E:\Program Files\Java\maven\LocalWarehouse\com\fasterxml\classmate\1.4.0\classmate-1.4.0.jar;E:\Program Files\Java\maven\LocalWarehouse\org\springframework\spring-web\5.1.2.RELEASE\spring-web-5.1.2.RELEASE.jar;E:\Program Files\Java\maven\LocalWarehouse\org\springframework\spring-beans\5.1.2.RELEASE\spring-beans-5.1.2.RELEASE.jar;E:\Program Files\Java\maven\LocalWarehouse\org\springframework\spring-webmvc\5.1.2.RELEASE\spring-webmvc-5.1.2.RELEASE.jar;E:\Program Files\Java\maven\LocalWarehouse\org\springframework\spring-aop\5.1.2.RELEASE\spring-aop-5.1.2.RELEASE.jar;E:\Program Files\Java\maven\LocalWarehouse\org\springframework\spring-context\5.1.2.RELEASE\spring-context-5.1.2.RELEASE.jar;E:\Program Files\Java\maven\LocalWarehouse\org\springframework\spring-expression\5.1.2.RELEASE\spring-expression-5.1.2.RELEASE.jar;E:\Program Files\Java\maven\LocalWarehouse\org\springframework\session\spring-session-core\2.1.1.RELEASE\spring-session-core-2.1.1.RELEASE.jar;E:\Program Files\Java\maven\LocalWarehouse\org\springframework\spring-jcl\5.1.2.RELEASE\spring-jcl-5.1.2.RELEASE.jar;E:\Program Files\Java\maven\LocalWarehouse\org\mybatis\spring\boot\mybatis-spring-boot-starter\1.3.2\mybatis-spring-boot-starter-1.3.2.jar;E:\Program Files\Java\maven\LocalWarehouse\org\springframework\boot\spring-boot-starter-jdbc\2.1.0.RELEASE\spring-boot-starter-jdbc-2.1.0.RELEASE.jar;E:\Program Files\Java\maven\LocalWarehouse\com\zaxxer\HikariCP\3.2.0\HikariCP-3.2.0.jar;E:\Program Files\Java\maven\LocalWarehouse\org\springframework\spring-jdbc\5.1.2.RELEASE\spring-jdbc-5.1.2.RELEASE.jar;E:\Program Files\Java\maven\LocalWarehouse\org\springframework\spring-tx\5.1.2.RELEASE\spring-tx-5.1.2.RELEASE.jar;E:\Program Files\Java\maven\LocalWarehouse\org\mybatis\spring\boot\mybatis-spring-boot-autoconfigure\1.3.2\mybatis-spring-boot-autoconfigure-1.3.2.jar;E:\Program Files\Java\maven\LocalWarehouse\org\mybatis\mybatis\3.4.6\mybatis-3.4.6.jar;E:\Program Files\Java\maven\LocalWarehouse\org\mybatis\mybatis-spring\1.3.2\mybatis-spring-1.3.2.jar;E:\Program Files\Java\maven\LocalWarehouse\com\github\penggle\kaptcha\2.3.2\kaptcha-2.3.2.jar;E:\Program Files\Java\maven\LocalWarehouse\javax\servlet\javax.servlet-api\4.0.1\javax.servlet-api-4.0.1.jar;E:\Program Files\Java\maven\LocalWarehouse\com\jhlabs\filters\2.0.235-1\filters-2.0.235-1.jar;E:\Program Files\Java\maven\LocalWarehouse\com\atlassian\commonmark\commonmark\0.8.0\commonmark-0.8.0.jar;E:\Program Files\Java\maven\LocalWarehouse\com\atlassian\commonmark\commonmark-ext-gfm-tables\0.8.0\commonmark-ext-gfm-tables-0.8.0.jar;E:\Program Files\Java\maven\LocalWarehouse\mysql\mysql-connector-java\8.0.13\mysql-connector-java-8.0.13.jar;E:\Program Files\Java\maven\LocalWarehouse\org\springframework\boot\spring-boot-starter-test\2.1.0.RELEASE\spring-boot-starter-test-2.1.0.RELEASE.jar;E:\Program Files\Java\maven\LocalWarehouse\org\springframework\boot\spring-boot-test\2.1.0.RELEASE\spring-boot-test-2.1.0.RELEASE.jar;E:\Program Files\Java\maven\LocalWarehouse\org\springframework\boot\spring-boot-test-autoconfigure\2.1.0.RELEASE\spring-boot-test-autoconfigure-2.1.0.RELEASE.jar;E:\Program Files\Java\maven\LocalWarehouse\com\jayway\jsonpath\json-path\2.4.0\json-path-2.4.0.jar;E:\Program Files\Java\maven\LocalWarehouse\net\minidev\json-smart\2.3\json-smart-2.3.jar;E:\Program Files\Java\maven\LocalWarehouse\net\minidev\accessors-smart\1.2\accessors-smart-1.2.jar;E:\Program Files\Java\maven\LocalWarehouse\org\ow2\asm\asm\5.0.4\asm-5.0.4.jar;E:\Program Files\Java\maven\LocalWarehouse\junit\junit\4.12\junit-4.12.jar;E:\Program Files\Java\maven\LocalWarehouse\org\assertj\assertj-core\3.11.1\assertj-core-3.11.1.jar;E:\Program Files\Java\maven\LocalWarehouse\org\mockito\mockito-core\2.23.0\mockito-core-2.23.0.jar;E:\Program Files\Java\maven\LocalWarehouse\net\bytebuddy\byte-buddy\1.9.3\byte-buddy-1.9.3.jar;E:\Program Files\Java\maven\LocalWarehouse\net\bytebuddy\byte-buddy-agent\1.9.3\byte-buddy-agent-1.9.3.jar;E:\Program Files\Java\maven\LocalWarehouse\org\objenesis\objenesis\2.6\objenesis-2.6.jar;E:\Program Files\Java\maven\LocalWarehouse\org\hamcrest\hamcrest-core\1.3\hamcrest-core-1.3.jar;E:\Program Files\Java\maven\LocalWarehouse\org\hamcrest\hamcrest-library\1.3\hamcrest-library-1.3.jar;E:\Program Files\Java\maven\LocalWarehouse\org\skyscreamer\jsonassert\1.5.0\jsonassert-1.5.0.jar;E:\Program Files\Java\maven\LocalWarehouse\com\vaadin\external\google\android-json\0.0.20131108.vaadin1\android-json-0.0.20131108.vaadin1.jar;E:\Program Files\Java\maven\LocalWarehouse\org\springframework\spring-core\5.1.2.RELEASE\spring-core-5.1.2.RELEASE.jar;E:\Program Files\Java\maven\LocalWarehouse\org\springframework\spring-test\5.1.2.RELEASE\spring-test-5.1.2.RELEASE.jar;E:\Program Files\Java\maven\LocalWarehouse\org\xmlunit\xmlunit-core\2.6.2\xmlunit-core-2.6.2.jar;E:\Program Files\Java\maven\LocalWarehouse\javax\xml\bind\jaxb-api\2.3.1\jaxb-api-2.3.1.jar;E:\Program Files\Java\maven\LocalWarehouse\javax\activation\javax.activation-api\1.2.0\javax.activation-api-1.2.0.jar;"/>
    <property name="sun.cpu.endian" value="little"/>
    <property name="user.home" value="C:\Users\guanh"/>
    <property name="user.language" value="zh"/>
    <property name="java.specification.vendor" value="Oracle Corporation"/>
    <property name="java.version.date" value="2019-04-16"/>
    <property name="java.home" value="E:\Program Files\Java\jdk-12.0.1"/>
    <property name="file.separator" value="\"/>
    <property name="basedir" value="E:\资源\My-Blog-master（个人博客）\My-Blog-master"/>
    <property name="java.vm.compressedOopsMode" value="32-bit"/>
    <property name="line.separator" value="&#10;"/>
    <property name="java.vm.specification.vendor" value="Oracle Corporation"/>
    <property name="java.specification.name" value="Java Platform API Specification"/>
    <property name="java.awt.graphicsenv" value="sun.awt.Win32GraphicsEnvironment"/>
    <property name="surefire.real.class.path" value="C:\Users\guanh\AppData\Local\Temp\surefire13951256584654921543\surefirebooter17133538694675279880.jar"/>
    <property name="user.script" value=""/>
    <property name="sun.management.compiler" value="HotSpot 64-Bit Tiered Compilers"/>
    <property name="java.runtime.version" value="12.0.1+12"/>
    <property name="user.name" value="guanh"/>
    <property name="path.separator" value=";"/>
    <property name="os.version" value="10.0"/>
    <property name="java.runtime.name" value="Java(TM) SE Runtime Environment"/>
    <property name="file.encoding" value="GBK"/>
    <property name="java.vm.name" value="Java HotSpot(TM) 64-Bit Server VM"/>
    <property name="localRepository" value="E:\Program Files\Java\maven\LocalWarehouse"/>
    <property name="java.vendor.url.bug" value="https://bugreport.java.com/bugreport/"/>
    <property name="java.io.tmpdir" value="C:\Users\guanh\AppData\Local\Temp\"/>
    <property name="java.version" value="12.0.1"/>
    <property name="user.dir" value="E:\资源\My-Blog-master（个人博客）\My-Blog-master"/>
    <property name="os.arch" value="amd64"/>
    <property name="java.vm.specification.name" value="Java Virtual Machine Specification"/>
    <property name="sun.os.patch.level" value=""/>
    <property name="idea.version2019.1.1" value="true"/>
    <property name="java.library.path" value="E:\Program Files\Java\jdk-12.0.1\bin;C:\WINDOWS\Sun\Java\bin;C:\WINDOWS\system32;C:\WINDOWS;C:\windows\system32;C:\windows;C:\windows\System32\Wbem;C:\windows\System32\WindowsPowerShell\v1.0\;C:\windows\System32\OpenSSH\;C:\Program Files (x86)\NVIDIA Corporation\PhysX\Common;C:\Program Files (x86)\Microsoft SQL Server\100\Tools\Binn\;C:\Program Files\Microsoft SQL Server\100\Tools\Binn\;C:\Program Files\Microsoft SQL Server\100\DTS\Binn\;C:\Program Files\NVIDIA Corporation\NVIDIA NvDLISR;E:\Program Files\Java\jdk-12.0.1\bin;E:\Program Files\Java\jdk-12.0.1\jre\bin;E:\Program Files\Java\apache-maven-3.6.1\bin;C:\Program Files\Microsoft SQL Server\110\DTS\Binn\;C:\Program Files (x86)\Microsoft SQL Server\110\Tools\Binn\;C:\Program Files\Microsoft SQL Server\110\Tools\Binn\;C:\Program Files (x86)\Microsoft SQL Server\110\Tools\Binn\ManagementStudio\;d:\程序\VC10\Common7\IDE\PrivateAssemblies\;C:\Program Files (x86)\Microsoft SQL Server\110\DTS\Binn\;&quot;E:\Program Files\apache-tomcat-8.5.42-windows-x64\apache-tomcat-8.5.42\bin;E:\Program Files\apache-tomcat-8.5.42-windows-x64\apache-tomcat-8.5.42\lib&quot;;E:\Program Files\mysql-8.0.16-winx64\mysql-8.0.16-winx64\bin;C:\Program Files\Intel\WiFi\bin\;C:\Program Files\Common Files\Intel\WirelessCommon\;C:\WINDOWS\system32;C:\WINDOWS;C:\WINDOWS\System32\Wbem;C:\WINDOWS\System32\WindowsPowerShell\v1.0\;C:\WINDOWS\System32\OpenSSH\;E:\founder_tool\TortoiseSVN\bin;E:\founder_tool\新建文件夹\OpenVPN\bin;C:\Users\guanh\AppData\Local\Microsoft\WindowsApps;;D:\program\Microsoft VS Code\bin;."/>
    <property name="java.vm.info" value="mixed mode, sharing"/>
    <property name="java.vendor" value="Oracle Corporation"/>
    <property name="java.vm.version" value="12.0.1+12"/>
    <property name="sun.io.unicode.encoding" value="UnicodeLittle"/>
    <property name="maven.repo.local" value="E:\Program Files\Java\maven\LocalWarehouse"/>
    <property name="java.class.version" value="56.0"/>
  </properties>
  <testcase name="contextLoads" classname="com.site.blog.my.core.MyBlogApplicationTests" time="0.371"/>
</testsuite>